C51 COMPILER V9.01   LCD_DRIVER                                                            07/12/2018 15:31:12 PAGE 1   


C51 COMPILER V9.01, COMPILATION OF MODULE LCD_DRIVER
OBJECT MODULE PLACED IN lcd_driver.OBJ
COMPILER INVOKED BY: D:\C51\BIN\C51.EXE lcd_driver.c COMPACT BROWSE DEBUG OBJECTEXTEND

line level    source

   1          #include "lcd_driver.h"
   2          
   3          /****************************************************************************
   4          *函数名：TFT_WriteCmd
   5          *输  入：cmd
   6          *输  出：
   7          *功  能：写命令。
   8          ****************************************************************************/     
   9          
  10          void TFT_WriteCmd(uint cmd)
  11          {
  12   1              uchar cmdH, cmdL;
  13   1              cmdH = cmd >> 8;
  14   1              cmdL = cmd & 0x00FF;
  15   1      
  16   1              TFT_WR = 1;                       //初始化WR
  17   1              TFT_CS = 0;                       //打开片选
  18   1              
  19   1              TFT_RD = 1;           //选择写
  20   1              TFT_RS = 0;                       //选择命令
  21   1                      
  22   1              TFT_DATAPORTH = cmdH; //放置命令数据
  23   1              TFT_DATAPORTL = cmdL; //放置命令数据
  24   1      
  25   1              TFT_WR = 0;                       //写入时序
  26   1              TFT_WR = 1;
  27   1              
  28   1              TFT_CS = 1;                       //关闭片选
  29   1      }
  30          
  31          /****************************************************************************
  32          *函数名：TFT_WriteCmdData
  33          *输  入：cmd, dat
  34          *输  出：
  35          *功  能：写命令， 写数据。
  36          ****************************************************************************/     
  37          
  38          void TFT_WriteData(uint dat)
  39          {
  40   1          uchar datH, datL;
  41   1              datH = dat >> 8;
  42   1              datL = dat & 0x00FF;
  43   1      
  44   1              TFT_WR = 1;                       //初始化WR
  45   1              TFT_CS = 0;                       //打开片选
  46   1              
  47   1              TFT_RD = 1;           //选择写
  48   1              TFT_RS = 1;                       //选择发送数据
  49   1                      
  50   1              TFT_DATAPORTH = datH;  //放置命令数据
  51   1              TFT_DATAPORTL = datL;  //放置命令数据
  52   1      
  53   1              TFT_WR = 0;                       //写入时序
  54   1              TFT_WR = 1;
  55   1              
C51 COMPILER V9.01   LCD_DRIVER                                                            07/12/2018 15:31:12 PAGE 2   

  56   1              TFT_CS = 1;                       //关闭片选
  57   1      }
  58          
  59          /****************************************************************************
  60          *函数名：TFT_Init
  61          *输  入：
  62          *输  出：
  63          *功  能：初始化TFT。
  64          ****************************************************************************/     
  65          
  66          void TFT_Init(void)
  67          {
  68   1              uint i;
  69   1      
  70   1              TFT_RST = 1;
  71   1              for(i=500; i>0; i--);
  72   1              TFT_RST = 0;
  73   1              for(i=500; i>0; i--);
  74   1              TFT_RST = 1;
  75   1              for(i=5000; i>0; i--);
  76   1              
  77   1               TFT_CS = 0;
  78   1               TFT_WriteCmd(0x0014);TFT_WriteData(0x0030);
  79   1               for(i=500; i>0; i--); //                                                        
  80   1               TFT_WriteCmd(0x000F);TFT_WriteData(0x0008); 
  81   1               for(i=500; i>0; i--);//                                                        
  82   1               TFT_WriteCmd(0x0011);TFT_WriteData(0x0231);
  83   1               for(i=500; i>0; i--); // 
  84   1               TFT_WriteCmd(0x0012);TFT_WriteData(0x0009); 
  85   1               for(i=500; i>0; i--);// 
  86   1               TFT_WriteCmd(0x0013);TFT_WriteData(0x1448); 
  87   1               for(i=500; i>0; i--);// 
  88   1               TFT_WriteCmd(0x0010);TFT_WriteData(0x5268);  
  89   1               for(i=500; i>0; i--);//        
  90   1               TFT_WriteCmd(0x0012);TFT_WriteData(0x0019);  
  91   1               for(i=500; i>0; i--);  
  92   1               TFT_WriteCmd(0x0010);TFT_WriteData(0x5260);  
  93   1               for(i=500; i>0; i--);//
  94   1               TFT_WriteCmd(0x0013);TFT_WriteData(0x2d48);  
  95   1               for(i=500; i>0; i--);  
  96   1               TFT_WriteCmd(0x0030);TFT_WriteData(0x0000);
  97   1               for(i=500; i>0; i--);// 
  98   1               TFT_WriteCmd(0x0031);TFT_WriteData(0x0501); 
  99   1               for(i=500; i>0; i--);// 
 100   1               TFT_WriteCmd(0x0032);TFT_WriteData(0x0207); 
 101   1               for(i=500; i>0; i--);// 
 102   1               TFT_WriteCmd(0x0033);TFT_WriteData(0x0502);
 103   1               for(i=500; i>0; i--);//  
 104   1               TFT_WriteCmd(0x0034);TFT_WriteData(0x0007); 
 105   1               for(i=500; i>0; i--);// 
 106   1               TFT_WriteCmd(0x0035);TFT_WriteData(0x0601); 
 107   1               for(i=500; i>0; i--);// 
 108   1               TFT_WriteCmd(0x0036);TFT_WriteData(0x0707); 
 109   1               for(i=500; i>0; i--);// 
 110   1               TFT_WriteCmd(0x0037);TFT_WriteData(0x0305);
 111   1               for(i=500; i>0; i--);//  
 112   1               TFT_WriteCmd(0x0038);TFT_WriteData(0x040e); 
 113   1               for(i=500; i>0; i--);// 
 114   1               TFT_WriteCmd(0x0039);TFT_WriteData(0x040e); 
 115   1               for(i=500; i>0; i--);//
 116   1      
 117   1               TFT_WriteCmd(0x003a);TFT_WriteData(0x0101);
C51 COMPILER V9.01   LCD_DRIVER                                                            07/12/2018 15:31:12 PAGE 3   

 118   1               for(i=500; i>0; i--);//  
 119   1               TFT_WriteCmd(0x003b);TFT_WriteData(0x0101);  
 120   1               for(i=500; i>0; i--);//
 121   1               TFT_WriteCmd(0x003c);TFT_WriteData(0x0101); 
 122   1               for(i=500; i>0; i--);// 
 123   1               TFT_WriteCmd(0x003d);TFT_WriteData(0x0101); 
 124   1               for(i=500; i>0; i--);// 
 125   1               TFT_WriteCmd(0x003e);TFT_WriteData(0x0001);  
 126   1               TFT_WriteCmd(0x003f);TFT_WriteData(0x0001);
 127   1               for(i=500; i>0; i--);//
 128   1       
 129   1               TFT_WriteCmd(0x0001);TFT_WriteData(0x011B); 
 130   1               for(i=500; i>0; i--);// 
 131   1               TFT_WriteCmd(0x0002);TFT_WriteData(0x0700); 
 132   1               for(i=500; i>0; i--);// 
 133   1               TFT_WriteCmd(0x0003);TFT_WriteData(0x1028);
 134   1               for(i=500; i>0; i--);//  
 135   1               TFT_WriteCmd(0x0008);TFT_WriteData(0x1010); 
 136   1               for(i=500; i>0; i--);// 
 137   1               TFT_WriteCmd(0x000A);TFT_WriteData(0x4420); 
 138   1               for(i=500; i>0; i--);// 
 139   1               TFT_WriteCmd(0x000B);TFT_WriteData(0x5030); 
 140   1               for(i=500; i>0; i--);// 
 141   1               TFT_WriteCmd(0x0007);TFT_WriteData(0x0005); 
 142   1               for(i=500; i>0; i--);// 
 143   1               TFT_WriteCmd(0x0007);TFT_WriteData(0x0025);  
 144   1               for(i=500; i>0; i--);//
 145   1               TFT_WriteCmd(0x0007);TFT_WriteData(0x0027);  
 146   1               for(i=500; i>0; i--);//
 147   1               TFT_WriteCmd(0x0007);TFT_WriteData(0x0037); 
 148   1               for(i=500; i>0; i--);//
 149   1      
 150   1               TFT_WriteCmd(0x44);TFT_WriteData(0xaf00);
 151   1              
 152   1               TFT_WriteCmd(0x45);TFT_WriteData(0xdb00);
 153   1      
 154   1              
 155   1               TFT_WriteCmd(0x20);TFT_WriteData(0x0000);
 156   1               
 157   1               TFT_WriteCmd(0x21);TFT_WriteData(0x0000); 
 158   1              
 159   1               TFT_WriteCmd(0x22);
 160   1      }
 161          
 162          /****************************************************************************
 163          *函数名：TFT_SetWindow
 164          *输  入：xStart, yStart, xEnd, yEnd
 165          *输  出：
 166          *功  能：设置要操作的窗口。
 167          ****************************************************************************/     
 168          
 169          void TFT_SetWindow(uint xStart, uint yStart, uint xEnd, uint yEnd)
 170          {
 171   1               uint x,y,xy;
 172   1      
 173   1               x=(xEnd <<8)|xStart;
 174   1               y=(yEnd <<8)|yStart;
 175   1               xy = (yStart<<8)|xStart;
 176   1      
 177   1               TFT_WriteCmd(0x44);TFT_WriteData(x);
 178   1               TFT_WriteCmd(0x45);TFT_WriteData(y);
 179   1               TFT_WriteCmd(0x21);TFT_WriteData(xy);
C51 COMPILER V9.01   LCD_DRIVER                                                            07/12/2018 15:31:12 PAGE 4   

 180   1      
 181   1               TFT_WriteCmd(0x22); 
 182   1      }
 183          
 184          
 185          /****************************************************************************
 186          *函数名：GUI_Clearcreen
 187          *输  入：backColor
 188          *输  出：
 189          *功  能：清屏并涂上颜色。
 190          ****************************************************************************/
 191                    
 192          void TFT_ClearScreen(uint color)
 193          {
 194   1              uint i, j;
 195   1      
 196   1              TFT_SetWindow(0, 0, TFT_XMAX,TFT_YMAX);  //作用区域,TFT_XMAX,TFT_YMAX
 197   1              for(i=0; i<=TFT_XMAX; i++)
 198   1              {
 199   2                      for (j=0; j<=TFT_YMAX; j++)
 200   2                      {
 201   3                              TFT_WriteData(color);
 202   3                      }
 203   2              }
 204   1      }
 205          
 206          


MODULE INFORMATION:   STATIC OVERLAYABLE
   CODE SIZE        =   1231    ----
   CONSTANT SIZE    =   ----    ----
   XDATA SIZE       =   ----    ----
   PDATA SIZE       =   ----      16
   DATA SIZE        =   ----    ----
   IDATA SIZE       =   ----    ----
   BIT SIZE         =   ----    ----
END OF MODULE INFORMATION.


C51 COMPILATION COMPLETE.  0 WARNING(S),  0 ERROR(S)
