C51 COMPILER V9.01   MAIN                                                                  07/12/2018 15:31:12 PAGE 1   


C51 COMPILER V9.01, COMPILATION OF MODULE MAIN
OBJECT MODULE PLACED IN main.OBJ
COMPILER INVOKED BY: D:\C51\BIN\C51.EXE main.c COMPACT BROWSE DEBUG OBJECTEXTEND

line level    source

   1          #include"lcdDisplay.h"
   2          
   3          /****************************************************************************
   4          *函数名：main
   5          *输  入：无
   6          *输  出：无
   7          *功  能：主函数
   8          ****************************************************************************/
   9          
  10          void main (void)
  11          {
  12   1      
  13   1              TFT_Init();                   //初始化TFT
  14   1              TFT_ClearScreen(WHITE);           
  15   1              nRF24L01_Init();
  16   1              while(1)
  17   1              {       
  18   2                      LcdDisplay(Ds18b20ReadTemp());
  19   2              }               
  20   1      }
*** WARNING C316 IN LINE 20 OF main.c: unterminated conditionals


MODULE INFORMATION:   STATIC OVERLAYABLE
   CODE SIZE        =     21    ----
   CONSTANT SIZE    =   ----    ----
   XDATA SIZE       =   ----    ----
   PDATA SIZE       =   ----    ----
   DATA SIZE        =   ----    ----
   IDATA SIZE       =   ----    ----
   BIT SIZE         =   ----    ----
END OF MODULE INFORMATION.


C51 COMPILATION COMPLETE.  1 WARNING(S),  0 ERROR(S)
