C51 COMPILER V9.01   TEMP                                                                  07/12/2018 15:31:14 PAGE 1   


C51 COMPILER V9.01, COMPILATION OF MODULE TEMP
OBJECT MODULE PLACED IN temp.OBJ
COMPILER INVOKED BY: D:\C51\BIN\C51.EXE temp.c COMPACT BROWSE DEBUG OBJECTEXTEND

line level    source

   1          #include"temp.h"
   2          /*******************************************************************************
   3          * 函 数 名         : Delay1ms
   4          * 函数功能                 : 延时函数
   5          * 输    入         : 无
   6          * 输    出         : 无
   7          *******************************************************************************/
   8          
   9          void Delay1ms(uint y)
  10          {
  11   1              uint x;
  12   1              for( ; y>0; y--)
  13   1              {
  14   2                      for(x=110; x>0; x--);
  15   2              }
  16   1      }
  17          /*******************************************************************************
  18          * 函 数 名         : Ds18b20Init
  19          * 函数功能                 : 初始化
  20          * 输    入         : 无
  21          * 输    出         : 初始化成功返回1，失败返回0
  22          *******************************************************************************/
  23          
  24          uchar Ds18b20Init()
  25          {
  26   1              uchar i;
  27   1              DSPORT = 0;                      //将总线拉低480us~960us
  28   1              i = 70; 
  29   1              while(i--);//延时642us
  30   1              DSPORT = 1;                     //然后拉高总线，如果DS18B20做出反应会将在15us~60us后总线拉低
  31   1              i = 0;
  32   1              while(DSPORT)   //等待DS18B20拉低总线
  33   1              {
  34   2                      i++;
  35   2                      if(i>5)//等待>5MS
  36   2                      {
  37   3                              return 0;//初始化失败
  38   3                      }
  39   2                      Delay1ms(1);    
  40   2              }
  41   1              return 1;//初始化成功
  42   1      }
  43          
  44          /*******************************************************************************
  45          * 函 数 名         : Ds18b20WriteByte
  46          * 函数功能                 : 向18B20写入一个字节
  47          * 输    入         : com
  48          * 输    出         : 无
  49          *******************************************************************************/
  50          
  51          void Ds18b20WriteByte(uchar dat)
  52          {
  53   1              uint i, j;
  54   1      
  55   1              for(j=0; j<8; j++)
C51 COMPILER V9.01   TEMP                                                                  07/12/2018 15:31:14 PAGE 2   

  56   1              {
  57   2                      DSPORT = 0;               //每写入一位数据之前先把总线拉低1us
  58   2                      i++;
  59   2                      DSPORT = dat & 0x01;  //然后写入一个数据，从最低位开始
  60   2                      i=6;
  61   2                      while(i--); //延时68us，持续时间最少60us
  62   2                      DSPORT = 1;     //然后释放总线，至少1us给总线恢复时间才能接着写入第二个数值
  63   2                      dat >>= 1;
  64   2              }
  65   1      }
  66          /*******************************************************************************
  67          * 函 数 名         : Ds18b20ReadByte
  68          * 函数功能                 : 读取一个字节
  69          * 输    入         : com
  70          * 输    出         : 无
  71          *******************************************************************************/
  72          
  73          
  74          uchar Ds18b20ReadByte()
  75          {
  76   1              uchar byte, bi;
  77   1              uint i, j;      
  78   1              for(j=8; j>0; j--)
  79   1              {
  80   2                      DSPORT = 0;//先将总线拉低1us
  81   2                      i++;
  82   2                      DSPORT = 1;//然后释放总线
  83   2                      i++;
  84   2                      i++;//延时6us等待数据稳定
  85   2                      bi = DSPORT;     //读取数据，从最低位开始读取
  86   2                      /*将byte左移一位，然后与上右移7位后的bi，注意移动之后移掉那位补0。*/
  87   2                      byte = (byte >> 1) | (bi << 7);                                           
  88   2                      i = 4;          //读取完之后等待48us再接着读取下一个数
  89   2                      while(i--);
  90   2              }                               
  91   1              return byte;
  92   1      }
  93          /*******************************************************************************
  94          * 函 数 名         : Ds18b20ChangTemp
  95          * 函数功能                 : 让18b20开始转换温度
  96          * 输    入         : com
  97          * 输    出         : 无
  98          *******************************************************************************/
  99          
 100          void  Ds18b20ChangTemp()
 101          {
 102   1              Ds18b20Init();
 103   1              Delay1ms(1);
 104   1              Ds18b20WriteByte(0xcc);         //跳过ROM操作命令                
 105   1              Ds18b20WriteByte(0x44);     //温度转换命令
 106   1      //      Delay1ms(100);  //等待转换成功，而如果你是一直刷着的话，就不用这个延时了
 107   1         
 108   1      }
 109          /*******************************************************************************
 110          * 函 数 名         : Ds18b20ReadTempCom
 111          * 函数功能                 : 发送读取温度命令
 112          * 输    入         : com
 113          * 输    出         : 无
 114          *******************************************************************************/
 115          
 116          void  Ds18b20ReadTempCom()
 117          {       
C51 COMPILER V9.01   TEMP                                                                  07/12/2018 15:31:14 PAGE 3   

 118   1      
 119   1              Ds18b20Init();
 120   1              Delay1ms(1);
 121   1              Ds18b20WriteByte(0xcc);  //跳过ROM操作命令
 122   1              Ds18b20WriteByte(0xbe);  //发送读取温度命令
 123   1      }
 124          /*******************************************************************************
 125          * 函 数 名         : Ds18b20ReadTemp
 126          * 函数功能                 : 读取温度
 127          * 输    入         : com
 128          * 输    出         : 无
 129          *******************************************************************************/
 130          
 131          int Ds18b20ReadTemp()
 132          {
 133   1              int temp = 0;
 134   1              uchar tmh, tml;
 135   1              Ds18b20ChangTemp();                             //先写入转换命令
 136   1              Ds18b20ReadTempCom();                   //然后等待转换完后发送读取温度命令
 137   1              tml = Ds18b20ReadByte();                //读取温度值共16位，先读低字节
 138   1              tmh = Ds18b20ReadByte();                //再读高字节
 139   1              temp = tmh;
 140   1              temp <<= 8;
 141   1              temp |= tml;
 142   1              return temp;
 143   1      }


MODULE INFORMATION:   STATIC OVERLAYABLE
   CODE SIZE        =    247    ----
   CONSTANT SIZE    =   ----    ----
   XDATA SIZE       =   ----    ----
   PDATA SIZE       =   ----       3
   DATA SIZE        =   ----    ----
   IDATA SIZE       =   ----    ----
   BIT SIZE         =   ----    ----
END OF MODULE INFORMATION.


C51 COMPILATION COMPLETE.  0 WARNING(S),  0 ERROR(S)
